2026-05-06 13:32:05,422 DEBUG    root            Loaded Command Group: ['gcloud', 'components']
2026-05-06 13:32:05,458 DEBUG    root            Loaded Command Group: ['gcloud', 'components', 'update']
2026-05-06 13:32:05,460 DEBUG    root            Running [gcloud.components.update] with arguments: [--quiet: "True", COMPONENT-IDS:8: "['gcloud', 'core', 'bq', 'gsutil', 'compute', 'preview', 'alpha', 'beta']"]
2026-05-06 13:32:05,461 DEBUG    root            On GCE from disk cache: False
2026-05-06 13:32:05,462 INFO     ___FILE_ONLY___ Beginning update. This process may take several minutes.

2026-05-06 13:32:05,463 DEBUG    root            On GCE from memory cache: False
2026-05-06 13:32:05,465 DEBUG    root            On GCE from memory cache: False
2026-05-06 13:32:05,467 DEBUG    urllib3.connectionpool Starting new HTTPS connection (1): dl.google.com:443
2026-05-06 13:32:05,492 DEBUG    urllib3.connectionpool https://dl.google.com:443 "GET /dl/cloudsdk/channels/rapid/components-2.json HTTP/1.1" 200 25042
2026-05-06 13:32:05,505 WARNING  root            Component [compute] no longer exists.
2026-05-06 13:32:05,506 INFO     ___FILE_ONLY___ 

2026-05-06 13:32:05,506 INFO     ___FILE_ONLY___ 
Your current Google Cloud CLI version is: 567.0.0

2026-05-06 13:32:05,506 INFO     ___FILE_ONLY___ Installing components from version: 567.0.0

2026-05-06 13:32:05,506 INFO     ___FILE_ONLY___ 

2026-05-06 13:32:05,507 DEBUG    root            Chosen display Format:table[box,title="These components will be removed."](details.display_name:label=Name:align=left,version.version_string:label=Version:align=right,data.size.size(zero="",min=1048576):label=Size:align=right)
2026-05-06 13:32:05,507 DEBUG    root            Chosen display Format:table[box,title="These components will be updated."](details.display_name:label=Name:align=left,version.version_string:label=Version:align=right,data.size.size(zero="",min=1048576):label=Size:align=right)
2026-05-06 13:32:05,508 DEBUG    root            Chosen display Format:table[box,title="These components will be installed."](details.display_name:label=Name:align=left,version.version_string:label=Version:align=right,data.size.size(zero="",min=1048576):label=Size:align=right)
2026-05-06 13:32:05,525 INFO     ___FILE_ONLY___ ┌────────────────────────────────────────────────┐
2026-05-06 13:32:05,525 INFO     ___FILE_ONLY___ 

2026-05-06 13:32:05,525 INFO     ___FILE_ONLY___ │      These components will be installed.       │
2026-05-06 13:32:05,525 INFO     ___FILE_ONLY___ 

2026-05-06 13:32:05,525 INFO     ___FILE_ONLY___ ├─────────────────────────┬────────────┬─────────┤
2026-05-06 13:32:05,525 INFO     ___FILE_ONLY___ 

2026-05-06 13:32:05,525 INFO     ___FILE_ONLY___ │           Name          │  Version   │   Size  │
2026-05-06 13:32:05,525 INFO     ___FILE_ONLY___ 

2026-05-06 13:32:05,525 INFO     ___FILE_ONLY___ ├─────────────────────────┼────────────┼─────────┤
2026-05-06 13:32:05,525 INFO     ___FILE_ONLY___ 

2026-05-06 13:32:05,525 INFO     ___FILE_ONLY___ │ 
2026-05-06 13:32:05,525 INFO     ___FILE_ONLY___ gcloud Alpha Commands  
2026-05-06 13:32:05,525 INFO     ___FILE_ONLY___  
2026-05-06 13:32:05,525 INFO     ___FILE_ONLY___ │ 
2026-05-06 13:32:05,525 INFO     ___FILE_ONLY___ 2026.05.01
2026-05-06 13:32:05,525 INFO     ___FILE_ONLY___  
2026-05-06 13:32:05,526 INFO     ___FILE_ONLY___ │ 
2026-05-06 13:32:05,526 INFO     ___FILE_ONLY___ < 1 MiB
2026-05-06 13:32:05,526 INFO     ___FILE_ONLY___  
2026-05-06 13:32:05,526 INFO     ___FILE_ONLY___ │
2026-05-06 13:32:05,526 INFO     ___FILE_ONLY___ 

2026-05-06 13:32:05,526 INFO     ___FILE_ONLY___ │ 
2026-05-06 13:32:05,526 INFO     ___FILE_ONLY___ gcloud Beta Commands   
2026-05-06 13:32:05,526 INFO     ___FILE_ONLY___  
2026-05-06 13:32:05,526 INFO     ___FILE_ONLY___ │ 
2026-05-06 13:32:05,526 INFO     ___FILE_ONLY___ 2026.05.01
2026-05-06 13:32:05,526 INFO     ___FILE_ONLY___  
2026-05-06 13:32:05,526 INFO     ___FILE_ONLY___ │ 
2026-05-06 13:32:05,526 INFO     ___FILE_ONLY___ < 1 MiB
2026-05-06 13:32:05,526 INFO     ___FILE_ONLY___  
2026-05-06 13:32:05,526 INFO     ___FILE_ONLY___ │
2026-05-06 13:32:05,526 INFO     ___FILE_ONLY___ 

2026-05-06 13:32:05,526 INFO     ___FILE_ONLY___ │ 
2026-05-06 13:32:05,526 INFO     ___FILE_ONLY___ gcloud Preview Commands
2026-05-06 13:32:05,526 INFO     ___FILE_ONLY___  
2026-05-06 13:32:05,526 INFO     ___FILE_ONLY___ │ 
2026-05-06 13:32:05,527 INFO     ___FILE_ONLY___ 2026.05.01
2026-05-06 13:32:05,527 INFO     ___FILE_ONLY___  
2026-05-06 13:32:05,527 INFO     ___FILE_ONLY___ │ 
2026-05-06 13:32:05,527 INFO     ___FILE_ONLY___ < 1 MiB
2026-05-06 13:32:05,527 INFO     ___FILE_ONLY___  
2026-05-06 13:32:05,527 INFO     ___FILE_ONLY___ │
2026-05-06 13:32:05,527 INFO     ___FILE_ONLY___ 

2026-05-06 13:32:05,527 INFO     ___FILE_ONLY___ └─────────────────────────┴────────────┴─────────┘
2026-05-06 13:32:05,527 INFO     ___FILE_ONLY___ 

2026-05-06 13:32:05,527 INFO     ___FILE_ONLY___ 

2026-05-06 13:32:05,528 DEBUG    root            On GCE from memory cache: False
2026-05-06 13:32:05,529 DEBUG    root            On GCE from memory cache: False
2026-05-06 13:32:05,530 DEBUG    urllib3.connectionpool Starting new HTTPS connection (1): dl.google.com:443
2026-05-06 13:32:05,602 DEBUG    urllib3.connectionpool https://dl.google.com:443 "GET /dl/cloudsdk/channels/rapid/RELEASE_NOTES HTTP/1.1" 200 362633
2026-05-06 13:32:06,267 INFO     ___FILE_ONLY___ For the latest full release notes, please visit:
  https://cloud.google.com/sdk/release_notes


2026-05-06 13:32:06,268 INFO     ___FILE_ONLY___ Performing in place update...


2026-05-06 13:32:06,270 INFO     ___FILE_ONLY___ ╔════════════════════════════════════════════════════════════╗

2026-05-06 13:32:06,270 INFO     ___FILE_ONLY___ ╠═ Downloading: gcloud Alpha Commands                       ═╣

2026-05-06 13:32:06,270 INFO     ___FILE_ONLY___ ╚
2026-05-06 13:32:06,271 DEBUG    root            On GCE from memory cache: False
2026-05-06 13:32:06,272 DEBUG    root            On GCE from memory cache: False
2026-05-06 13:32:06,273 DEBUG    urllib3.connectionpool Starting new HTTPS connection (1): dl.google.com:443
2026-05-06 13:32:06,340 DEBUG    urllib3.connectionpool https://dl.google.com:443 "GET /dl/cloudsdk/channels/rapid/components/google-cloud-sdk-alpha-20260501041631.tar.gz HTTP/1.1" 200 761
2026-05-06 13:32:06,341 INFO     ___FILE_ONLY___ ════════════════════════════════════════════════════════════
2026-05-06 13:32:06,341 INFO     ___FILE_ONLY___ ╝

2026-05-06 13:32:06,343 INFO     ___FILE_ONLY___ ╔════════════════════════════════════════════════════════════╗

2026-05-06 13:32:06,343 INFO     ___FILE_ONLY___ ╠═ Downloading: gcloud Beta Commands                        ═╣

2026-05-06 13:32:06,343 INFO     ___FILE_ONLY___ ╚
2026-05-06 13:32:06,344 DEBUG    root            On GCE from memory cache: False
2026-05-06 13:32:06,345 DEBUG    root            On GCE from memory cache: False
2026-05-06 13:32:06,346 DEBUG    urllib3.connectionpool Starting new HTTPS connection (1): dl.google.com:443
2026-05-06 13:32:06,367 DEBUG    urllib3.connectionpool https://dl.google.com:443 "GET /dl/cloudsdk/channels/rapid/components/google-cloud-sdk-beta-20260501041631.tar.gz HTTP/1.1" 200 758
2026-05-06 13:32:06,367 INFO     ___FILE_ONLY___ ════════════════════════════════════════════════════════════
2026-05-06 13:32:06,367 INFO     ___FILE_ONLY___ ╝

2026-05-06 13:32:06,369 INFO     ___FILE_ONLY___ ╔════════════════════════════════════════════════════════════╗

2026-05-06 13:32:06,369 INFO     ___FILE_ONLY___ ╠═ Downloading: gcloud Preview Commands                     ═╣

2026-05-06 13:32:06,369 INFO     ___FILE_ONLY___ ╚
2026-05-06 13:32:06,370 DEBUG    root            On GCE from memory cache: False
2026-05-06 13:32:06,371 DEBUG    root            On GCE from memory cache: False
2026-05-06 13:32:06,372 DEBUG    urllib3.connectionpool Starting new HTTPS connection (1): dl.google.com:443
2026-05-06 13:32:06,489 DEBUG    urllib3.connectionpool https://dl.google.com:443 "GET /dl/cloudsdk/channels/rapid/components/google-cloud-sdk-preview-20260501041631.tar.gz HTTP/1.1" 200 782
2026-05-06 13:32:06,490 INFO     ___FILE_ONLY___ ════════════════════════════════════════════════════════════
2026-05-06 13:32:06,490 INFO     ___FILE_ONLY___ ╝

2026-05-06 13:32:06,492 INFO     ___FILE_ONLY___ ╔════════════════════════════════════════════════════════════╗

2026-05-06 13:32:06,493 INFO     ___FILE_ONLY___ ╠═ Installing: gcloud Alpha Commands                        ═╣

2026-05-06 13:32:06,493 INFO     ___FILE_ONLY___ ╚
2026-05-06 13:32:06,494 INFO     ___FILE_ONLY___ ════════════════════════════════════════════════════════════
2026-05-06 13:32:06,494 INFO     ___FILE_ONLY___ ╝

2026-05-06 13:32:06,499 INFO     ___FILE_ONLY___ ╔════════════════════════════════════════════════════════════╗

2026-05-06 13:32:06,499 INFO     ___FILE_ONLY___ ╠═ Installing: gcloud Beta Commands                         ═╣

2026-05-06 13:32:06,499 INFO     ___FILE_ONLY___ ╚
2026-05-06 13:32:06,500 INFO     ___FILE_ONLY___ ════════════════════════════════════════════════════════════
2026-05-06 13:32:06,500 INFO     ___FILE_ONLY___ ╝

2026-05-06 13:32:06,506 INFO     ___FILE_ONLY___ ╔════════════════════════════════════════════════════════════╗

2026-05-06 13:32:06,506 INFO     ___FILE_ONLY___ ╠═ Installing: gcloud Preview Commands                      ═╣

2026-05-06 13:32:06,506 INFO     ___FILE_ONLY___ ╚
2026-05-06 13:32:06,507 INFO     ___FILE_ONLY___ ════════════════════════════════════════════════════════════
2026-05-06 13:32:06,507 INFO     ___FILE_ONLY___ ╝

2026-05-06 13:32:06,516 DEBUG    root            Updating notification cache...
2026-05-06 13:32:06,516 INFO     ___FILE_ONLY___ 

2026-05-06 13:32:06,518 INFO     ___FILE_ONLY___ Performing post processing steps...
2026-05-06 13:32:06,519 DEBUG    root            Executing command: ['/tools/google-cloud-sdk/bin/gcloud', 'components', 'post-process']
2026-05-06 13:32:18,141 DEBUG    ___FILE_ONLY___ 
2026-05-06 13:32:18,141 DEBUG    ___FILE_ONLY___ 
2026-05-06 13:32:18,283 INFO     root            descriptor_list: [{'universeDomain': 'googleapis.com', 'universeShortName': '', 'authenticationDomain': 'auth.cloud.google.com', 'projectPrefix': '', 'cloudWebDomain': 'cloud.google.com', 'documentationDomain': 'cloud.google.com', 'version': '1.0.0', 'state': 'primary', 'artifactRegistryDomain': 'pkg.dev'}]
2026-05-06 13:32:18,284 INFO     ___FILE_ONLY___ 
Update done!


2026-05-06 13:32:18,286 DEBUG    root            Chosen display Format:none
2026-05-06 13:32:18,287 INFO     root            Display format: "none"
