2026-05-06 13:31:36,514 DEBUG    root            Failed to read GCE cache file: [Errno 2] No such file or directory: '/content/.config/gce'
2026-05-06 13:31:48,537 DEBUG    root            Failed to check metadata server: <urlopen error timed out>
2026-05-06 13:31:48,538 DEBUG    root            On GCE from server: False
2026-05-06 13:31:48,541 DEBUG    root            Loaded Command Group: ['gcloud', 'components']
2026-05-06 13:31:48,544 DEBUG    root            Loaded Command Group: ['gcloud', 'components', 'update']
2026-05-06 13:31:48,546 DEBUG    root            Running [gcloud.components.update] with arguments: [--compile-python: "True", --quiet: "True", COMPONENT-IDS:6: "['core', 'gcloud-deps', 'bq', 'gcloud', 'gcloud-crc32c', 'gsutil']"]
2026-05-06 13:31:48,547 INFO     ___FILE_ONLY___ Beginning update. This process may take several minutes.

2026-05-06 13:31:48,563 DEBUG    root            On GCE from memory cache: False
2026-05-06 13:31:48,566 DEBUG    root            On GCE from memory cache: False
2026-05-06 13:31:48,569 DEBUG    urllib3.connectionpool Starting new HTTPS connection (1): dl.google.com:443
2026-05-06 13:31:48,639 DEBUG    urllib3.connectionpool https://dl.google.com:443 "GET /dl/cloudsdk/channels/rapid/components-2.json HTTP/1.1" 200 25042
2026-05-06 13:31:48,651 INFO     ___FILE_ONLY___ 

2026-05-06 13:31:48,651 INFO     ___FILE_ONLY___ 
Your current Google Cloud CLI version is: 567.0.0

2026-05-06 13:31:48,651 INFO     ___FILE_ONLY___ Installing components from version: 567.0.0

2026-05-06 13:31:48,652 INFO     ___FILE_ONLY___ 

2026-05-06 13:31:48,652 DEBUG    root            Chosen display Format:table[box,title="These components will be removed."](details.display_name:label=Name:align=left,version.version_string:label=Version:align=right,data.size.size(zero="",min=1048576):label=Size:align=right)
2026-05-06 13:31:48,652 DEBUG    root            Chosen display Format:table[box,title="These components will be updated."](details.display_name:label=Name:align=left,version.version_string:label=Version:align=right,data.size.size(zero="",min=1048576):label=Size:align=right)
2026-05-06 13:31:48,653 DEBUG    root            Chosen display Format:table[box,title="These components will be installed."](details.display_name:label=Name:align=left,version.version_string:label=Version:align=right,data.size.size(zero="",min=1048576):label=Size:align=right)
2026-05-06 13:31:48,697 INFO     ___FILE_ONLY___ ┌─────────────────────────────────────────────────────────────────────────────┐
2026-05-06 13:31:48,697 INFO     ___FILE_ONLY___ 

2026-05-06 13:31:48,697 INFO     ___FILE_ONLY___ │                     These components will be installed.                     │
2026-05-06 13:31:48,697 INFO     ___FILE_ONLY___ 

2026-05-06 13:31:48,697 INFO     ___FILE_ONLY___ ├─────────────────────────────────────────────────────┬────────────┬──────────┤
2026-05-06 13:31:48,697 INFO     ___FILE_ONLY___ 

2026-05-06 13:31:48,697 INFO     ___FILE_ONLY___ │                         Name                        │  Version   │   Size   │
2026-05-06 13:31:48,697 INFO     ___FILE_ONLY___ 

2026-05-06 13:31:48,697 INFO     ___FILE_ONLY___ ├─────────────────────────────────────────────────────┼────────────┼──────────┤
2026-05-06 13:31:48,697 INFO     ___FILE_ONLY___ 

2026-05-06 13:31:48,697 INFO     ___FILE_ONLY___ │ 
2026-05-06 13:31:48,697 INFO     ___FILE_ONLY___ BigQuery Command Line Tool                         
2026-05-06 13:31:48,697 INFO     ___FILE_ONLY___  
2026-05-06 13:31:48,697 INFO     ___FILE_ONLY___ │ 
2026-05-06 13:31:48,698 INFO     ___FILE_ONLY___     2.1.31
2026-05-06 13:31:48,698 INFO     ___FILE_ONLY___  
2026-05-06 13:31:48,698 INFO     ___FILE_ONLY___ │ 
2026-05-06 13:31:48,698 INFO     ___FILE_ONLY___  1.8 MiB
2026-05-06 13:31:48,698 INFO     ___FILE_ONLY___  
2026-05-06 13:31:48,698 INFO     ___FILE_ONLY___ │
2026-05-06 13:31:48,698 INFO     ___FILE_ONLY___ 

2026-05-06 13:31:48,698 INFO     ___FILE_ONLY___ │ 
2026-05-06 13:31:48,698 INFO     ___FILE_ONLY___ BigQuery Command Line Tool (Platform Specific)     
2026-05-06 13:31:48,698 INFO     ___FILE_ONLY___  
2026-05-06 13:31:48,698 INFO     ___FILE_ONLY___ │ 
2026-05-06 13:31:48,698 INFO     ___FILE_ONLY___     2.1.31
2026-05-06 13:31:48,698 INFO     ___FILE_ONLY___  
2026-05-06 13:31:48,698 INFO     ___FILE_ONLY___ │ 
2026-05-06 13:31:48,698 INFO     ___FILE_ONLY___  < 1 MiB
2026-05-06 13:31:48,698 INFO     ___FILE_ONLY___  
2026-05-06 13:31:48,698 INFO     ___FILE_ONLY___ │
2026-05-06 13:31:48,698 INFO     ___FILE_ONLY___ 

2026-05-06 13:31:48,698 INFO     ___FILE_ONLY___ │ 
2026-05-06 13:31:48,698 INFO     ___FILE_ONLY___ Bundled Python 3.13 (Platform Specific)            
2026-05-06 13:31:48,699 INFO     ___FILE_ONLY___  
2026-05-06 13:31:48,699 INFO     ___FILE_ONLY___ │ 
2026-05-06 13:31:48,699 INFO     ___FILE_ONLY___    3.13.11
2026-05-06 13:31:48,699 INFO     ___FILE_ONLY___  
2026-05-06 13:31:48,699 INFO     ___FILE_ONLY___ │ 
2026-05-06 13:31:48,699 INFO     ___FILE_ONLY___ 24.0 MiB
2026-05-06 13:31:48,699 INFO     ___FILE_ONLY___  
2026-05-06 13:31:48,699 INFO     ___FILE_ONLY___ │
2026-05-06 13:31:48,699 INFO     ___FILE_ONLY___ 

2026-05-06 13:31:48,699 INFO     ___FILE_ONLY___ │ 
2026-05-06 13:31:48,699 INFO     ___FILE_ONLY___ Cloud Storage Command Line Tool                    
2026-05-06 13:31:48,699 INFO     ___FILE_ONLY___  
2026-05-06 13:31:48,699 INFO     ___FILE_ONLY___ │ 
2026-05-06 13:31:48,699 INFO     ___FILE_ONLY___       5.37
2026-05-06 13:31:48,699 INFO     ___FILE_ONLY___  
2026-05-06 13:31:48,699 INFO     ___FILE_ONLY___ │ 
2026-05-06 13:31:48,699 INFO     ___FILE_ONLY___ 12.4 MiB
2026-05-06 13:31:48,699 INFO     ___FILE_ONLY___  
2026-05-06 13:31:48,699 INFO     ___FILE_ONLY___ │
2026-05-06 13:31:48,700 INFO     ___FILE_ONLY___ 

2026-05-06 13:31:48,700 INFO     ___FILE_ONLY___ │ 
2026-05-06 13:31:48,700 INFO     ___FILE_ONLY___ Cloud Storage Command Line Tool (Platform Specific)
2026-05-06 13:31:48,700 INFO     ___FILE_ONLY___  
2026-05-06 13:31:48,700 INFO     ___FILE_ONLY___ │ 
2026-05-06 13:31:48,700 INFO     ___FILE_ONLY___       5.36
2026-05-06 13:31:48,700 INFO     ___FILE_ONLY___  
2026-05-06 13:31:48,700 INFO     ___FILE_ONLY___ │ 
2026-05-06 13:31:48,700 INFO     ___FILE_ONLY___  < 1 MiB
2026-05-06 13:31:48,700 INFO     ___FILE_ONLY___  
2026-05-06 13:31:48,700 INFO     ___FILE_ONLY___ │
2026-05-06 13:31:48,700 INFO     ___FILE_ONLY___ 

2026-05-06 13:31:48,700 INFO     ___FILE_ONLY___ │ 
2026-05-06 13:31:48,700 INFO     ___FILE_ONLY___ Google Cloud CLI Core Libraries (Platform Specific)
2026-05-06 13:31:48,700 INFO     ___FILE_ONLY___  
2026-05-06 13:31:48,700 INFO     ___FILE_ONLY___ │ 
2026-05-06 13:31:48,700 INFO     ___FILE_ONLY___ 2026.04.24
2026-05-06 13:31:48,700 INFO     ___FILE_ONLY___  
2026-05-06 13:31:48,700 INFO     ___FILE_ONLY___ │ 
2026-05-06 13:31:48,700 INFO     ___FILE_ONLY___  < 1 MiB
2026-05-06 13:31:48,700 INFO     ___FILE_ONLY___  
2026-05-06 13:31:48,701 INFO     ___FILE_ONLY___ │
2026-05-06 13:31:48,701 INFO     ___FILE_ONLY___ 

2026-05-06 13:31:48,701 INFO     ___FILE_ONLY___ │ 
2026-05-06 13:31:48,701 INFO     ___FILE_ONLY___ Google Cloud CRC32C Hash Tool (Platform Specific)  
2026-05-06 13:31:48,701 INFO     ___FILE_ONLY___  
2026-05-06 13:31:48,701 INFO     ___FILE_ONLY___ │ 
2026-05-06 13:31:48,701 INFO     ___FILE_ONLY___      1.0.0
2026-05-06 13:31:48,701 INFO     ___FILE_ONLY___  
2026-05-06 13:31:48,701 INFO     ___FILE_ONLY___ │ 
2026-05-06 13:31:48,701 INFO     ___FILE_ONLY___  1.5 MiB
2026-05-06 13:31:48,701 INFO     ___FILE_ONLY___  
2026-05-06 13:31:48,701 INFO     ___FILE_ONLY___ │
2026-05-06 13:31:48,701 INFO     ___FILE_ONLY___ 

2026-05-06 13:31:48,701 INFO     ___FILE_ONLY___ │ 
2026-05-06 13:31:48,701 INFO     ___FILE_ONLY___ gcloud cli dependencies (Platform Specific)        
2026-05-06 13:31:48,701 INFO     ___FILE_ONLY___  
2026-05-06 13:31:48,701 INFO     ___FILE_ONLY___ │ 
2026-05-06 13:31:48,701 INFO     ___FILE_ONLY___ 2021.04.16
2026-05-06 13:31:48,701 INFO     ___FILE_ONLY___  
2026-05-06 13:31:48,701 INFO     ___FILE_ONLY___ │ 
2026-05-06 13:31:48,702 INFO     ___FILE_ONLY___  < 1 MiB
2026-05-06 13:31:48,702 INFO     ___FILE_ONLY___  
2026-05-06 13:31:48,702 INFO     ___FILE_ONLY___ │
2026-05-06 13:31:48,702 INFO     ___FILE_ONLY___ 

2026-05-06 13:31:48,702 INFO     ___FILE_ONLY___ └─────────────────────────────────────────────────────┴────────────┴──────────┘
2026-05-06 13:31:48,702 INFO     ___FILE_ONLY___ 

2026-05-06 13:31:48,702 INFO     ___FILE_ONLY___ 

2026-05-06 13:31:48,703 DEBUG    root            On GCE from memory cache: False
2026-05-06 13:31:48,704 DEBUG    root            On GCE from memory cache: False
2026-05-06 13:31:48,705 DEBUG    urllib3.connectionpool Starting new HTTPS connection (1): dl.google.com:443
2026-05-06 13:31:48,776 DEBUG    urllib3.connectionpool https://dl.google.com:443 "GET /dl/cloudsdk/channels/rapid/RELEASE_NOTES HTTP/1.1" 200 362633
2026-05-06 13:31:49,330 INFO     ___FILE_ONLY___ For the latest full release notes, please visit:
  https://cloud.google.com/sdk/release_notes


2026-05-06 13:31:49,331 INFO     ___FILE_ONLY___ Performing in place update...


2026-05-06 13:31:49,334 INFO     ___FILE_ONLY___ ╔════════════════════════════════════════════════════════════╗

2026-05-06 13:31:49,334 INFO     ___FILE_ONLY___ ╠═ Downloading: BigQuery Command Line Tool                  ═╣

2026-05-06 13:31:49,334 INFO     ___FILE_ONLY___ ╚
2026-05-06 13:31:49,335 DEBUG    root            On GCE from memory cache: False
2026-05-06 13:31:49,336 DEBUG    root            On GCE from memory cache: False
2026-05-06 13:31:49,337 DEBUG    urllib3.connectionpool Starting new HTTPS connection (1): dl.google.com:443
2026-05-06 13:31:49,405 DEBUG    urllib3.connectionpool https://dl.google.com:443 "GET /dl/cloudsdk/channels/rapid/components/google-cloud-sdk-bq-20260327141905.tar.gz HTTP/1.1" 200 1931708
2026-05-06 13:31:49,418 INFO     ___FILE_ONLY___ ═
2026-05-06 13:31:49,418 INFO     ___FILE_ONLY___ ═
2026-05-06 13:31:49,418 INFO     ___FILE_ONLY___ ═
2026-05-06 13:31:49,418 INFO     ___FILE_ONLY___ ═
2026-05-06 13:31:49,418 INFO     ___FILE_ONLY___ ═
2026-05-06 13:31:49,418 INFO     ___FILE_ONLY___ ═
2026-05-06 13:31:49,418 INFO     ___FILE_ONLY___ ═
2026-05-06 13:31:49,418 INFO     ___FILE_ONLY___ ═
2026-05-06 13:31:49,419 INFO     ___FILE_ONLY___ ═
2026-05-06 13:31:49,419 INFO     ___FILE_ONLY___ ═
2026-05-06 13:31:49,419 INFO     ___FILE_ONLY___ ═
2026-05-06 13:31:49,419 INFO     ___FILE_ONLY___ ═
2026-05-06 13:31:49,419 INFO     ___FILE_ONLY___ ═
2026-05-06 13:31:49,419 INFO     ___FILE_ONLY___ ═
2026-05-06 13:31:49,419 INFO     ___FILE_ONLY___ ═
2026-05-06 13:31:49,419 INFO     ___FILE_ONLY___ ═
2026-05-06 13:31:49,419 INFO     ___FILE_ONLY___ ═
2026-05-06 13:31:49,419 INFO     ___FILE_ONLY___ ═
2026-05-06 13:31:49,420 INFO     ___FILE_ONLY___ ═
2026-05-06 13:31:49,420 INFO     ___FILE_ONLY___ ═
2026-05-06 13:31:49,420 INFO     ___FILE_ONLY___ ═
2026-05-06 13:31:49,420 INFO     ___FILE_ONLY___ ═
2026-05-06 13:31:49,420 INFO     ___FILE_ONLY___ ═
2026-05-06 13:31:49,420 INFO     ___FILE_ONLY___ ═
2026-05-06 13:31:49,420 INFO     ___FILE_ONLY___ ═
2026-05-06 13:31:49,420 INFO     ___FILE_ONLY___ ═
2026-05-06 13:31:49,420 INFO     ___FILE_ONLY___ ═
2026-05-06 13:31:49,420 INFO     ___FILE_ONLY___ ═
2026-05-06 13:31:49,420 INFO     ___FILE_ONLY___ ═
2026-05-06 13:31:49,421 INFO     ___FILE_ONLY___ ═
2026-05-06 13:31:49,421 INFO     ___FILE_ONLY___ ═
2026-05-06 13:31:49,421 INFO     ___FILE_ONLY___ ═
2026-05-06 13:31:49,421 INFO     ___FILE_ONLY___ ═
2026-05-06 13:31:49,421 INFO     ___FILE_ONLY___ ═
2026-05-06 13:31:49,421 INFO     ___FILE_ONLY___ ═
2026-05-06 13:31:49,421 INFO     ___FILE_ONLY___ ═
2026-05-06 13:31:49,421 INFO     ___FILE_ONLY___ ═
2026-05-06 13:31:49,421 INFO     ___FILE_ONLY___ ═
2026-05-06 13:31:49,421 INFO     ___FILE_ONLY___ ═
2026-05-06 13:31:49,421 INFO     ___FILE_ONLY___ ═
2026-05-06 13:31:49,422 INFO     ___FILE_ONLY___ ═
2026-05-06 13:31:49,422 INFO     ___FILE_ONLY___ ═
2026-05-06 13:31:49,422 INFO     ___FILE_ONLY___ ═
2026-05-06 13:31:49,422 INFO     ___FILE_ONLY___ ═
2026-05-06 13:31:49,422 INFO     ___FILE_ONLY___ ═
2026-05-06 13:31:49,422 INFO     ___FILE_ONLY___ ═
2026-05-06 13:31:49,422 INFO     ___FILE_ONLY___ ═
2026-05-06 13:31:49,422 INFO     ___FILE_ONLY___ ═
2026-05-06 13:31:49,422 INFO     ___FILE_ONLY___ ═
2026-05-06 13:31:49,422 INFO     ___FILE_ONLY___ ═
2026-05-06 13:31:49,422 INFO     ___FILE_ONLY___ ═
2026-05-06 13:31:49,423 INFO     ___FILE_ONLY___ ═
2026-05-06 13:31:49,423 INFO     ___FILE_ONLY___ ═
2026-05-06 13:31:49,423 INFO     ___FILE_ONLY___ ═
2026-05-06 13:31:49,423 INFO     ___FILE_ONLY___ ═
2026-05-06 13:31:49,423 INFO     ___FILE_ONLY___ ═
2026-05-06 13:31:49,423 INFO     ___FILE_ONLY___ ═
2026-05-06 13:31:49,423 INFO     ___FILE_ONLY___ ═
2026-05-06 13:31:49,423 INFO     ___FILE_ONLY___ ═
2026-05-06 13:31:49,423 INFO     ___FILE_ONLY___ ═
2026-05-06 13:31:49,423 INFO     ___FILE_ONLY___ ╝

2026-05-06 13:31:49,426 INFO     ___FILE_ONLY___ ╔════════════════════════════════════════════════════════════╗

2026-05-06 13:31:49,426 INFO     ___FILE_ONLY___ ╠═ Downloading: BigQuery Command Line Tool (Platform Spe... ═╣

2026-05-06 13:31:49,426 INFO     ___FILE_ONLY___ ╚
2026-05-06 13:31:49,427 DEBUG    root            On GCE from memory cache: False
2026-05-06 13:31:49,428 DEBUG    root            On GCE from memory cache: False
2026-05-06 13:31:49,429 DEBUG    urllib3.connectionpool Starting new HTTPS connection (1): dl.google.com:443
2026-05-06 13:31:49,498 DEBUG    urllib3.connectionpool https://dl.google.com:443 "GET /dl/cloudsdk/channels/rapid/components/google-cloud-sdk-bq-nix-20260424041539.tar.gz HTTP/1.1" 200 1948
2026-05-06 13:31:49,499 INFO     ___FILE_ONLY___ ════════════════════════════════════════════════════════════
2026-05-06 13:31:49,499 INFO     ___FILE_ONLY___ ╝

2026-05-06 13:31:49,501 INFO     ___FILE_ONLY___ ╔════════════════════════════════════════════════════════════╗

2026-05-06 13:31:49,501 INFO     ___FILE_ONLY___ ╠═ Downloading: Bundled Python 3.13                         ═╣

2026-05-06 13:31:49,501 INFO     ___FILE_ONLY___ ╚
2026-05-06 13:31:49,501 INFO     ___FILE_ONLY___ ════════════════════════════════════════════════════════════
2026-05-06 13:31:49,502 INFO     ___FILE_ONLY___ ╝

2026-05-06 13:31:49,503 INFO     ___FILE_ONLY___ ╔════════════════════════════════════════════════════════════╗

2026-05-06 13:31:49,504 INFO     ___FILE_ONLY___ ╠═ Downloading: Bundled Python 3.13 (Platform Specific)     ═╣

2026-05-06 13:31:49,504 INFO     ___FILE_ONLY___ ╚
2026-05-06 13:31:49,505 DEBUG    root            On GCE from memory cache: False
2026-05-06 13:31:49,506 DEBUG    root            On GCE from memory cache: False
2026-05-06 13:31:49,507 DEBUG    urllib3.connectionpool Starting new HTTPS connection (1): dl.google.com:443
2026-05-06 13:31:49,579 DEBUG    urllib3.connectionpool https://dl.google.com:443 "GET /dl/cloudsdk/channels/rapid/components/google-cloud-sdk-bundled-python3-unix-linux-x86_64-20260501041631.tar.gz HTTP/1.1" 200 25212008
2026-05-06 13:31:49,666 INFO     ___FILE_ONLY___ ═
2026-05-06 13:31:49,667 INFO     ___FILE_ONLY___ ═
2026-05-06 13:31:49,667 INFO     ___FILE_ONLY___ ═
2026-05-06 13:31:49,668 INFO     ___FILE_ONLY___ ═
2026-05-06 13:31:49,669 INFO     ___FILE_ONLY___ ═
2026-05-06 13:31:49,669 INFO     ___FILE_ONLY___ ═
2026-05-06 13:31:49,670 INFO     ___FILE_ONLY___ ═
2026-05-06 13:31:49,671 INFO     ___FILE_ONLY___ ═
2026-05-06 13:31:49,671 INFO     ___FILE_ONLY___ ═
2026-05-06 13:31:49,672 INFO     ___FILE_ONLY___ ═
2026-05-06 13:31:49,672 INFO     ___FILE_ONLY___ ═
2026-05-06 13:31:49,673 INFO     ___FILE_ONLY___ ═
2026-05-06 13:31:49,674 INFO     ___FILE_ONLY___ ═
2026-05-06 13:31:49,674 INFO     ___FILE_ONLY___ ═
2026-05-06 13:31:49,675 INFO     ___FILE_ONLY___ ═
2026-05-06 13:31:49,675 INFO     ___FILE_ONLY___ ═
2026-05-06 13:31:49,676 INFO     ___FILE_ONLY___ ═
2026-05-06 13:31:49,676 INFO     ___FILE_ONLY___ ═
2026-05-06 13:31:49,677 INFO     ___FILE_ONLY___ ═
2026-05-06 13:31:49,678 INFO     ___FILE_ONLY___ ═
2026-05-06 13:31:49,678 INFO     ___FILE_ONLY___ ═
2026-05-06 13:31:49,679 INFO     ___FILE_ONLY___ ═
2026-05-06 13:31:49,679 INFO     ___FILE_ONLY___ ═
2026-05-06 13:31:49,680 INFO     ___FILE_ONLY___ ═
2026-05-06 13:31:49,681 INFO     ___FILE_ONLY___ ═
2026-05-06 13:31:49,681 INFO     ___FILE_ONLY___ ═
2026-05-06 13:31:49,682 INFO     ___FILE_ONLY___ ═
2026-05-06 13:31:49,683 INFO     ___FILE_ONLY___ ═
2026-05-06 13:31:49,683 INFO     ___FILE_ONLY___ ═
2026-05-06 13:31:49,684 INFO     ___FILE_ONLY___ ═
2026-05-06 13:31:49,684 INFO     ___FILE_ONLY___ ═
2026-05-06 13:31:49,685 INFO     ___FILE_ONLY___ ═
2026-05-06 13:31:49,686 INFO     ___FILE_ONLY___ ═
2026-05-06 13:31:49,687 INFO     ___FILE_ONLY___ ═
2026-05-06 13:31:49,687 INFO     ___FILE_ONLY___ ═
2026-05-06 13:31:49,688 INFO     ___FILE_ONLY___ ═
2026-05-06 13:31:49,688 INFO     ___FILE_ONLY___ ═
2026-05-06 13:31:49,689 INFO     ___FILE_ONLY___ ═
2026-05-06 13:31:49,690 INFO     ___FILE_ONLY___ ═
2026-05-06 13:31:49,690 INFO     ___FILE_ONLY___ ═
2026-05-06 13:31:49,691 INFO     ___FILE_ONLY___ ═
2026-05-06 13:31:49,691 INFO     ___FILE_ONLY___ ═
2026-05-06 13:31:49,692 INFO     ___FILE_ONLY___ ═
2026-05-06 13:31:49,693 INFO     ___FILE_ONLY___ ═
2026-05-06 13:31:49,693 INFO     ___FILE_ONLY___ ═
2026-05-06 13:31:49,694 INFO     ___FILE_ONLY___ ═
2026-05-06 13:31:49,694 INFO     ___FILE_ONLY___ ═
2026-05-06 13:31:49,695 INFO     ___FILE_ONLY___ ═
2026-05-06 13:31:49,696 INFO     ___FILE_ONLY___ ═
2026-05-06 13:31:49,696 INFO     ___FILE_ONLY___ ═
2026-05-06 13:31:49,697 INFO     ___FILE_ONLY___ ═
2026-05-06 13:31:49,697 INFO     ___FILE_ONLY___ ═
2026-05-06 13:31:49,698 INFO     ___FILE_ONLY___ ═
2026-05-06 13:31:49,698 INFO     ___FILE_ONLY___ ═
2026-05-06 13:31:49,699 INFO     ___FILE_ONLY___ ═
2026-05-06 13:31:49,700 INFO     ___FILE_ONLY___ ═
2026-05-06 13:31:49,700 INFO     ___FILE_ONLY___ ═
2026-05-06 13:31:49,701 INFO     ___FILE_ONLY___ ═
2026-05-06 13:31:49,702 INFO     ___FILE_ONLY___ ═
2026-05-06 13:31:49,702 INFO     ___FILE_ONLY___ ═
2026-05-06 13:31:49,702 INFO     ___FILE_ONLY___ ╝

2026-05-06 13:31:49,705 INFO     ___FILE_ONLY___ ╔════════════════════════════════════════════════════════════╗

2026-05-06 13:31:49,705 INFO     ___FILE_ONLY___ ╠═ Downloading: Cloud Storage Command Line Tool             ═╣

2026-05-06 13:31:49,705 INFO     ___FILE_ONLY___ ╚
2026-05-06 13:31:49,706 DEBUG    root            On GCE from memory cache: False
2026-05-06 13:31:49,707 DEBUG    root            On GCE from memory cache: False
2026-05-06 13:31:49,708 DEBUG    urllib3.connectionpool Starting new HTTPS connection (1): dl.google.com:443
2026-05-06 13:31:49,777 DEBUG    urllib3.connectionpool https://dl.google.com:443 "GET /dl/cloudsdk/channels/rapid/components/google-cloud-sdk-gsutil-20260501041631.tar.gz HTTP/1.1" 200 12967034
2026-05-06 13:31:49,816 INFO     ___FILE_ONLY___ ═
2026-05-06 13:31:49,817 INFO     ___FILE_ONLY___ ═
2026-05-06 13:31:49,817 INFO     ___FILE_ONLY___ ═
2026-05-06 13:31:49,817 INFO     ___FILE_ONLY___ ═
2026-05-06 13:31:49,818 INFO     ___FILE_ONLY___ ═
2026-05-06 13:31:49,818 INFO     ___FILE_ONLY___ ═
2026-05-06 13:31:49,818 INFO     ___FILE_ONLY___ ═
2026-05-06 13:31:49,819 INFO     ___FILE_ONLY___ ═
2026-05-06 13:31:49,819 INFO     ___FILE_ONLY___ ═
2026-05-06 13:31:49,819 INFO     ___FILE_ONLY___ ═
2026-05-06 13:31:49,820 INFO     ___FILE_ONLY___ ═
2026-05-06 13:31:49,820 INFO     ___FILE_ONLY___ ═
2026-05-06 13:31:49,820 INFO     ___FILE_ONLY___ ═
2026-05-06 13:31:49,821 INFO     ___FILE_ONLY___ ═
2026-05-06 13:31:49,821 INFO     ___FILE_ONLY___ ═
2026-05-06 13:31:49,821 INFO     ___FILE_ONLY___ ═
2026-05-06 13:31:49,822 INFO     ___FILE_ONLY___ ═
2026-05-06 13:31:49,822 INFO     ___FILE_ONLY___ ═
2026-05-06 13:31:49,822 INFO     ___FILE_ONLY___ ═
2026-05-06 13:31:49,823 INFO     ___FILE_ONLY___ ═
2026-05-06 13:31:49,823 INFO     ___FILE_ONLY___ ═
2026-05-06 13:31:49,823 INFO     ___FILE_ONLY___ ═
2026-05-06 13:31:49,824 INFO     ___FILE_ONLY___ ═
2026-05-06 13:31:49,824 INFO     ___FILE_ONLY___ ═
2026-05-06 13:31:49,824 INFO     ___FILE_ONLY___ ═
2026-05-06 13:31:49,825 INFO     ___FILE_ONLY___ ═
2026-05-06 13:31:49,825 INFO     ___FILE_ONLY___ ═
2026-05-06 13:31:49,825 INFO     ___FILE_ONLY___ ═
2026-05-06 13:31:49,826 INFO     ___FILE_ONLY___ ═
2026-05-06 13:31:49,826 INFO     ___FILE_ONLY___ ═
2026-05-06 13:31:49,826 INFO     ___FILE_ONLY___ ═
2026-05-06 13:31:49,827 INFO     ___FILE_ONLY___ ═
2026-05-06 13:31:49,827 INFO     ___FILE_ONLY___ ═
2026-05-06 13:31:49,827 INFO     ___FILE_ONLY___ ═
2026-05-06 13:31:49,828 INFO     ___FILE_ONLY___ ═
2026-05-06 13:31:49,828 INFO     ___FILE_ONLY___ ═
2026-05-06 13:31:49,828 INFO     ___FILE_ONLY___ ═
2026-05-06 13:31:49,829 INFO     ___FILE_ONLY___ ═
2026-05-06 13:31:49,829 INFO     ___FILE_ONLY___ ═
2026-05-06 13:31:49,829 INFO     ___FILE_ONLY___ ═
2026-05-06 13:31:49,830 INFO     ___FILE_ONLY___ ═
2026-05-06 13:31:49,830 INFO     ___FILE_ONLY___ ═
2026-05-06 13:31:49,830 INFO     ___FILE_ONLY___ ═
2026-05-06 13:31:49,831 INFO     ___FILE_ONLY___ ═
2026-05-06 13:31:49,831 INFO     ___FILE_ONLY___ ═
2026-05-06 13:31:49,831 INFO     ___FILE_ONLY___ ═
2026-05-06 13:31:49,832 INFO     ___FILE_ONLY___ ═
2026-05-06 13:31:49,832 INFO     ___FILE_ONLY___ ═
2026-05-06 13:31:49,832 INFO     ___FILE_ONLY___ ═
2026-05-06 13:31:49,833 INFO     ___FILE_ONLY___ ═
2026-05-06 13:31:49,833 INFO     ___FILE_ONLY___ ═
2026-05-06 13:31:49,833 INFO     ___FILE_ONLY___ ═
2026-05-06 13:31:49,834 INFO     ___FILE_ONLY___ ═
2026-05-06 13:31:49,834 INFO     ___FILE_ONLY___ ═
2026-05-06 13:31:49,834 INFO     ___FILE_ONLY___ ═
2026-05-06 13:31:49,835 INFO     ___FILE_ONLY___ ═
2026-05-06 13:31:49,835 INFO     ___FILE_ONLY___ ═
2026-05-06 13:31:49,835 INFO     ___FILE_ONLY___ ═
2026-05-06 13:31:49,836 INFO     ___FILE_ONLY___ ═
2026-05-06 13:31:49,836 INFO     ___FILE_ONLY___ ═
2026-05-06 13:31:49,836 INFO     ___FILE_ONLY___ ╝

2026-05-06 13:31:49,838 INFO     ___FILE_ONLY___ ╔════════════════════════════════════════════════════════════╗

2026-05-06 13:31:49,838 INFO     ___FILE_ONLY___ ╠═ Downloading: Cloud Storage Command Line Tool (Platfor... ═╣

2026-05-06 13:31:49,838 INFO     ___FILE_ONLY___ ╚
2026-05-06 13:31:49,839 DEBUG    root            On GCE from memory cache: False
2026-05-06 13:31:49,840 DEBUG    root            On GCE from memory cache: False
2026-05-06 13:31:49,841 DEBUG    urllib3.connectionpool Starting new HTTPS connection (1): dl.google.com:443
2026-05-06 13:31:49,909 DEBUG    urllib3.connectionpool https://dl.google.com:443 "GET /dl/cloudsdk/channels/rapid/components/google-cloud-sdk-gsutil-nix-20260424041539.tar.gz HTTP/1.1" 200 1963
2026-05-06 13:31:49,909 INFO     ___FILE_ONLY___ ════════════════════════════════════════════════════════════
2026-05-06 13:31:49,910 INFO     ___FILE_ONLY___ ╝

2026-05-06 13:31:49,912 INFO     ___FILE_ONLY___ ╔════════════════════════════════════════════════════════════╗

2026-05-06 13:31:49,912 INFO     ___FILE_ONLY___ ╠═ Downloading: Default set of gcloud commands              ═╣

2026-05-06 13:31:49,912 INFO     ___FILE_ONLY___ ╚
2026-05-06 13:31:49,912 INFO     ___FILE_ONLY___ ════════════════════════════════════════════════════════════
2026-05-06 13:31:49,912 INFO     ___FILE_ONLY___ ╝

2026-05-06 13:31:49,914 INFO     ___FILE_ONLY___ ╔════════════════════════════════════════════════════════════╗

2026-05-06 13:31:49,914 INFO     ___FILE_ONLY___ ╠═ Downloading: Google Cloud CLI Core Libraries (Platfor... ═╣

2026-05-06 13:31:49,914 INFO     ___FILE_ONLY___ ╚
2026-05-06 13:31:49,915 DEBUG    root            On GCE from memory cache: False
2026-05-06 13:31:49,916 DEBUG    root            On GCE from memory cache: False
2026-05-06 13:31:49,917 DEBUG    urllib3.connectionpool Starting new HTTPS connection (1): dl.google.com:443
2026-05-06 13:31:49,984 DEBUG    urllib3.connectionpool https://dl.google.com:443 "GET /dl/cloudsdk/channels/rapid/components/google-cloud-sdk-core-nix-20260424041539.tar.gz HTTP/1.1" 200 2342
2026-05-06 13:31:49,985 INFO     ___FILE_ONLY___ ════════════════════════════════════════════════════════════
2026-05-06 13:31:49,985 INFO     ___FILE_ONLY___ ╝

2026-05-06 13:31:49,987 INFO     ___FILE_ONLY___ ╔════════════════════════════════════════════════════════════╗

2026-05-06 13:31:49,987 INFO     ___FILE_ONLY___ ╠═ Downloading: Google Cloud CRC32C Hash Tool               ═╣

2026-05-06 13:31:49,987 INFO     ___FILE_ONLY___ ╚
2026-05-06 13:31:49,987 INFO     ___FILE_ONLY___ ════════════════════════════════════════════════════════════
2026-05-06 13:31:49,987 INFO     ___FILE_ONLY___ ╝

2026-05-06 13:31:49,989 INFO     ___FILE_ONLY___ ╔════════════════════════════════════════════════════════════╗

2026-05-06 13:31:49,990 INFO     ___FILE_ONLY___ ╠═ Downloading: Google Cloud CRC32C Hash Tool (Platform ... ═╣

2026-05-06 13:31:49,990 INFO     ___FILE_ONLY___ ╚
2026-05-06 13:31:49,991 DEBUG    root            On GCE from memory cache: False
2026-05-06 13:31:49,992 DEBUG    root            On GCE from memory cache: False
2026-05-06 13:31:49,993 DEBUG    urllib3.connectionpool Starting new HTTPS connection (1): dl.google.com:443
2026-05-06 13:31:50,059 DEBUG    urllib3.connectionpool https://dl.google.com:443 "GET /dl/cloudsdk/channels/rapid/components/google-cloud-sdk-gcloud-crc32c-linux-x86_64-20260424041539.tar.gz HTTP/1.1" 200 1609375
2026-05-06 13:31:50,072 INFO     ___FILE_ONLY___ ═
2026-05-06 13:31:50,072 INFO     ___FILE_ONLY___ ═
2026-05-06 13:31:50,072 INFO     ___FILE_ONLY___ ═
2026-05-06 13:31:50,072 INFO     ___FILE_ONLY___ ═
2026-05-06 13:31:50,072 INFO     ___FILE_ONLY___ ═
2026-05-06 13:31:50,073 INFO     ___FILE_ONLY___ ═
2026-05-06 13:31:50,073 INFO     ___FILE_ONLY___ ═
2026-05-06 13:31:50,073 INFO     ___FILE_ONLY___ ═
2026-05-06 13:31:50,073 INFO     ___FILE_ONLY___ ═
2026-05-06 13:31:50,073 INFO     ___FILE_ONLY___ ═
2026-05-06 13:31:50,073 INFO     ___FILE_ONLY___ ═
2026-05-06 13:31:50,073 INFO     ___FILE_ONLY___ ═
2026-05-06 13:31:50,073 INFO     ___FILE_ONLY___ ═
2026-05-06 13:31:50,073 INFO     ___FILE_ONLY___ ═
2026-05-06 13:31:50,073 INFO     ___FILE_ONLY___ ═
2026-05-06 13:31:50,073 INFO     ___FILE_ONLY___ ═
2026-05-06 13:31:50,074 INFO     ___FILE_ONLY___ ═
2026-05-06 13:31:50,074 INFO     ___FILE_ONLY___ ═
2026-05-06 13:31:50,074 INFO     ___FILE_ONLY___ ═
2026-05-06 13:31:50,074 INFO     ___FILE_ONLY___ ═
2026-05-06 13:31:50,074 INFO     ___FILE_ONLY___ ═
2026-05-06 13:31:50,074 INFO     ___FILE_ONLY___ ═
2026-05-06 13:31:50,074 INFO     ___FILE_ONLY___ ═
2026-05-06 13:31:50,074 INFO     ___FILE_ONLY___ ═
2026-05-06 13:31:50,074 INFO     ___FILE_ONLY___ ═
2026-05-06 13:31:50,074 INFO     ___FILE_ONLY___ ═
2026-05-06 13:31:50,075 INFO     ___FILE_ONLY___ ═
2026-05-06 13:31:50,075 INFO     ___FILE_ONLY___ ═
2026-05-06 13:31:50,075 INFO     ___FILE_ONLY___ ═
2026-05-06 13:31:50,075 INFO     ___FILE_ONLY___ ═
2026-05-06 13:31:50,075 INFO     ___FILE_ONLY___ ═
2026-05-06 13:31:50,075 INFO     ___FILE_ONLY___ ═
2026-05-06 13:31:50,075 INFO     ___FILE_ONLY___ ═
2026-05-06 13:31:50,075 INFO     ___FILE_ONLY___ ═
2026-05-06 13:31:50,075 INFO     ___FILE_ONLY___ ═
2026-05-06 13:31:50,075 INFO     ___FILE_ONLY___ ═
2026-05-06 13:31:50,076 INFO     ___FILE_ONLY___ ═
2026-05-06 13:31:50,076 INFO     ___FILE_ONLY___ ═
2026-05-06 13:31:50,076 INFO     ___FILE_ONLY___ ═
2026-05-06 13:31:50,076 INFO     ___FILE_ONLY___ ═
2026-05-06 13:31:50,076 INFO     ___FILE_ONLY___ ═
2026-05-06 13:31:50,076 INFO     ___FILE_ONLY___ ═
2026-05-06 13:31:50,076 INFO     ___FILE_ONLY___ ═
2026-05-06 13:31:50,076 INFO     ___FILE_ONLY___ ═
2026-05-06 13:31:50,076 INFO     ___FILE_ONLY___ ═
2026-05-06 13:31:50,076 INFO     ___FILE_ONLY___ ═
2026-05-06 13:31:50,076 INFO     ___FILE_ONLY___ ═
2026-05-06 13:31:50,077 INFO     ___FILE_ONLY___ ═
2026-05-06 13:31:50,077 INFO     ___FILE_ONLY___ ═
2026-05-06 13:31:50,077 INFO     ___FILE_ONLY___ ═
2026-05-06 13:31:50,077 INFO     ___FILE_ONLY___ ═
2026-05-06 13:31:50,077 INFO     ___FILE_ONLY___ ═
2026-05-06 13:31:50,077 INFO     ___FILE_ONLY___ ═
2026-05-06 13:31:50,077 INFO     ___FILE_ONLY___ ═
2026-05-06 13:31:50,077 INFO     ___FILE_ONLY___ ═
2026-05-06 13:31:50,077 INFO     ___FILE_ONLY___ ═
2026-05-06 13:31:50,077 INFO     ___FILE_ONLY___ ═
2026-05-06 13:31:50,077 INFO     ___FILE_ONLY___ ═
2026-05-06 13:31:50,078 INFO     ___FILE_ONLY___ ═
2026-05-06 13:31:50,078 INFO     ___FILE_ONLY___ ═
2026-05-06 13:31:50,078 INFO     ___FILE_ONLY___ ╝

2026-05-06 13:31:50,080 INFO     ___FILE_ONLY___ ╔════════════════════════════════════════════════════════════╗

2026-05-06 13:31:50,080 INFO     ___FILE_ONLY___ ╠═ Downloading: gcloud cli dependencies (Platform Specific) ═╣

2026-05-06 13:31:50,080 INFO     ___FILE_ONLY___ ╚
2026-05-06 13:31:50,081 DEBUG    root            On GCE from memory cache: False
2026-05-06 13:31:50,082 DEBUG    root            On GCE from memory cache: False
2026-05-06 13:31:50,083 DEBUG    urllib3.connectionpool Starting new HTTPS connection (1): dl.google.com:443
2026-05-06 13:31:50,151 DEBUG    urllib3.connectionpool https://dl.google.com:443 "GET /dl/cloudsdk/channels/rapid/components/google-cloud-sdk-gcloud-deps-linux-x86_64-20210416153011.tar.gz HTTP/1.1" 200 104
2026-05-06 13:31:50,153 INFO     ___FILE_ONLY___ ════════════════════════════════════════════════════════════
2026-05-06 13:31:50,153 INFO     ___FILE_ONLY___ ╝

2026-05-06 13:31:50,155 INFO     ___FILE_ONLY___ ╔════════════════════════════════════════════════════════════╗

2026-05-06 13:31:50,155 INFO     ___FILE_ONLY___ ╠═ Installing: BigQuery Command Line Tool                   ═╣

2026-05-06 13:31:50,155 INFO     ___FILE_ONLY___ ╚
2026-05-06 13:31:50,257 INFO     ___FILE_ONLY___ ═
2026-05-06 13:31:50,260 INFO     ___FILE_ONLY___ ═
2026-05-06 13:31:50,263 INFO     ___FILE_ONLY___ ═
2026-05-06 13:31:50,265 INFO     ___FILE_ONLY___ ═
2026-05-06 13:31:50,269 INFO     ___FILE_ONLY___ ═
2026-05-06 13:31:50,271 INFO     ___FILE_ONLY___ ═
2026-05-06 13:31:50,274 INFO     ___FILE_ONLY___ ═
2026-05-06 13:31:50,277 INFO     ___FILE_ONLY___ ═
2026-05-06 13:31:50,279 INFO     ___FILE_ONLY___ ═
2026-05-06 13:31:50,282 INFO     ___FILE_ONLY___ ═
2026-05-06 13:31:50,284 INFO     ___FILE_ONLY___ ═
2026-05-06 13:31:50,286 INFO     ___FILE_ONLY___ ═
2026-05-06 13:31:50,289 INFO     ___FILE_ONLY___ ═
2026-05-06 13:31:50,291 INFO     ___FILE_ONLY___ ═
2026-05-06 13:31:50,294 INFO     ___FILE_ONLY___ ═
2026-05-06 13:31:50,296 INFO     ___FILE_ONLY___ ═
2026-05-06 13:31:50,299 INFO     ___FILE_ONLY___ ═
2026-05-06 13:31:50,302 INFO     ___FILE_ONLY___ ═
2026-05-06 13:31:50,305 INFO     ___FILE_ONLY___ ═
2026-05-06 13:31:50,307 INFO     ___FILE_ONLY___ ═
2026-05-06 13:31:50,310 INFO     ___FILE_ONLY___ ═
2026-05-06 13:31:50,312 INFO     ___FILE_ONLY___ ═
2026-05-06 13:31:50,314 INFO     ___FILE_ONLY___ ═
2026-05-06 13:31:50,317 INFO     ___FILE_ONLY___ ═
2026-05-06 13:31:50,319 INFO     ___FILE_ONLY___ ═
2026-05-06 13:31:50,321 INFO     ___FILE_ONLY___ ═
2026-05-06 13:31:50,323 INFO     ___FILE_ONLY___ ═
2026-05-06 13:31:50,325 INFO     ___FILE_ONLY___ ═
2026-05-06 13:31:50,327 INFO     ___FILE_ONLY___ ═
2026-05-06 13:31:50,329 INFO     ___FILE_ONLY___ ═
2026-05-06 13:31:50,331 INFO     ___FILE_ONLY___ ═
2026-05-06 13:31:50,333 INFO     ___FILE_ONLY___ ═
2026-05-06 13:31:50,335 INFO     ___FILE_ONLY___ ═
2026-05-06 13:31:50,338 INFO     ___FILE_ONLY___ ═
2026-05-06 13:31:50,340 INFO     ___FILE_ONLY___ ═
2026-05-06 13:31:50,343 INFO     ___FILE_ONLY___ ═
2026-05-06 13:31:50,345 INFO     ___FILE_ONLY___ ═
2026-05-06 13:31:50,349 INFO     ___FILE_ONLY___ ═
2026-05-06 13:31:50,357 INFO     ___FILE_ONLY___ ═
2026-05-06 13:31:50,364 INFO     ___FILE_ONLY___ ═
2026-05-06 13:31:50,367 INFO     ___FILE_ONLY___ ═
2026-05-06 13:31:50,369 INFO     ___FILE_ONLY___ ═
2026-05-06 13:31:50,372 INFO     ___FILE_ONLY___ ═
2026-05-06 13:31:50,374 INFO     ___FILE_ONLY___ ═
2026-05-06 13:31:50,378 INFO     ___FILE_ONLY___ ═
2026-05-06 13:31:50,383 INFO     ___FILE_ONLY___ ═
2026-05-06 13:31:50,385 INFO     ___FILE_ONLY___ ═
2026-05-06 13:31:50,388 INFO     ___FILE_ONLY___ ═
2026-05-06 13:31:50,390 INFO     ___FILE_ONLY___ ═
2026-05-06 13:31:50,392 INFO     ___FILE_ONLY___ ═
2026-05-06 13:31:50,395 INFO     ___FILE_ONLY___ ═
2026-05-06 13:31:50,397 INFO     ___FILE_ONLY___ ═
2026-05-06 13:31:50,400 INFO     ___FILE_ONLY___ ═
2026-05-06 13:31:50,403 INFO     ___FILE_ONLY___ ═
2026-05-06 13:31:50,405 INFO     ___FILE_ONLY___ ═
2026-05-06 13:31:50,407 INFO     ___FILE_ONLY___ ═
2026-05-06 13:31:50,410 INFO     ___FILE_ONLY___ ═
2026-05-06 13:31:50,412 INFO     ___FILE_ONLY___ ═
2026-05-06 13:31:50,414 INFO     ___FILE_ONLY___ ═
2026-05-06 13:31:50,416 INFO     ___FILE_ONLY___ ═
2026-05-06 13:31:50,417 INFO     ___FILE_ONLY___ ╝

2026-05-06 13:31:50,425 INFO     ___FILE_ONLY___ ╔════════════════════════════════════════════════════════════╗

2026-05-06 13:31:50,425 INFO     ___FILE_ONLY___ ╠═ Installing: BigQuery Command Line Tool (Platform Spec... ═╣

2026-05-06 13:31:50,425 INFO     ___FILE_ONLY___ ╚
2026-05-06 13:31:50,426 INFO     ___FILE_ONLY___ ════════════════════════════════════════════════════════════
2026-05-06 13:31:50,426 INFO     ___FILE_ONLY___ ╝

2026-05-06 13:31:50,432 INFO     ___FILE_ONLY___ ╔════════════════════════════════════════════════════════════╗

2026-05-06 13:31:50,433 INFO     ___FILE_ONLY___ ╠═ Installing: Bundled Python 3.13                          ═╣

2026-05-06 13:31:50,433 INFO     ___FILE_ONLY___ ╚
2026-05-06 13:31:50,435 INFO     ___FILE_ONLY___ ════════════════════════════════════════════════════════════
2026-05-06 13:31:50,435 INFO     ___FILE_ONLY___ ╝

2026-05-06 13:31:50,437 INFO     ___FILE_ONLY___ ╔════════════════════════════════════════════════════════════╗

2026-05-06 13:31:50,437 INFO     ___FILE_ONLY___ ╠═ Installing: Bundled Python 3.13 (Platform Specific)      ═╣

2026-05-06 13:31:50,438 INFO     ___FILE_ONLY___ ╚
2026-05-06 13:31:51,355 INFO     ___FILE_ONLY___ ═
2026-05-06 13:31:51,372 INFO     ___FILE_ONLY___ ═
2026-05-06 13:31:51,387 INFO     ___FILE_ONLY___ ═
2026-05-06 13:31:51,557 INFO     ___FILE_ONLY___ ═
2026-05-06 13:31:51,585 INFO     ___FILE_ONLY___ ═
2026-05-06 13:31:51,611 INFO     ___FILE_ONLY___ ═
2026-05-06 13:31:51,630 INFO     ___FILE_ONLY___ ═
2026-05-06 13:31:51,661 INFO     ___FILE_ONLY___ ═
2026-05-06 13:31:51,741 INFO     ___FILE_ONLY___ ═
2026-05-06 13:31:51,760 INFO     ___FILE_ONLY___ ═
2026-05-06 13:31:51,778 INFO     ___FILE_ONLY___ ═
2026-05-06 13:31:51,805 INFO     ___FILE_ONLY___ ═
2026-05-06 13:31:51,827 INFO     ___FILE_ONLY___ ═
2026-05-06 13:31:51,846 INFO     ___FILE_ONLY___ ═
2026-05-06 13:31:51,860 INFO     ___FILE_ONLY___ ═
2026-05-06 13:31:51,878 INFO     ___FILE_ONLY___ ═
2026-05-06 13:31:51,894 INFO     ___FILE_ONLY___ ═
2026-05-06 13:31:51,912 INFO     ___FILE_ONLY___ ═
2026-05-06 13:31:51,930 INFO     ___FILE_ONLY___ ═
2026-05-06 13:31:51,949 INFO     ___FILE_ONLY___ ═
2026-05-06 13:31:51,966 INFO     ___FILE_ONLY___ ═
2026-05-06 13:31:51,987 INFO     ___FILE_ONLY___ ═
2026-05-06 13:31:52,008 INFO     ___FILE_ONLY___ ═
2026-05-06 13:31:52,024 INFO     ___FILE_ONLY___ ═
2026-05-06 13:31:52,046 INFO     ___FILE_ONLY___ ═
2026-05-06 13:31:52,203 INFO     ___FILE_ONLY___ ═
2026-05-06 13:31:52,228 INFO     ___FILE_ONLY___ ═
2026-05-06 13:31:52,254 INFO     ___FILE_ONLY___ ═
2026-05-06 13:31:52,273 INFO     ___FILE_ONLY___ ═
2026-05-06 13:31:52,285 INFO     ___FILE_ONLY___ ═
2026-05-06 13:31:52,297 INFO     ___FILE_ONLY___ ═
2026-05-06 13:31:52,309 INFO     ___FILE_ONLY___ ═
2026-05-06 13:31:52,321 INFO     ___FILE_ONLY___ ═
2026-05-06 13:31:52,333 INFO     ___FILE_ONLY___ ═
2026-05-06 13:31:52,346 INFO     ___FILE_ONLY___ ═
2026-05-06 13:31:52,358 INFO     ___FILE_ONLY___ ═
2026-05-06 13:31:52,370 INFO     ___FILE_ONLY___ ═
2026-05-06 13:31:52,382 INFO     ___FILE_ONLY___ ═
2026-05-06 13:31:52,394 INFO     ___FILE_ONLY___ ═
2026-05-06 13:31:52,407 INFO     ___FILE_ONLY___ ═
2026-05-06 13:31:52,420 INFO     ___FILE_ONLY___ ═
2026-05-06 13:31:52,432 INFO     ___FILE_ONLY___ ═
2026-05-06 13:31:52,444 INFO     ___FILE_ONLY___ ═
2026-05-06 13:31:52,456 INFO     ___FILE_ONLY___ ═
2026-05-06 13:31:52,468 INFO     ___FILE_ONLY___ ═
2026-05-06 13:31:52,481 INFO     ___FILE_ONLY___ ═
2026-05-06 13:31:52,493 INFO     ___FILE_ONLY___ ═
2026-05-06 13:31:52,506 INFO     ___FILE_ONLY___ ═
2026-05-06 13:31:52,518 INFO     ___FILE_ONLY___ ═
2026-05-06 13:31:52,530 INFO     ___FILE_ONLY___ ═
2026-05-06 13:31:52,542 INFO     ___FILE_ONLY___ ═
2026-05-06 13:31:52,554 INFO     ___FILE_ONLY___ ═
2026-05-06 13:31:52,567 INFO     ___FILE_ONLY___ ═
2026-05-06 13:31:52,579 INFO     ___FILE_ONLY___ ═
2026-05-06 13:31:52,592 INFO     ___FILE_ONLY___ ═
2026-05-06 13:31:52,605 INFO     ___FILE_ONLY___ ═
2026-05-06 13:31:52,618 INFO     ___FILE_ONLY___ ═
2026-05-06 13:31:52,630 INFO     ___FILE_ONLY___ ═
2026-05-06 13:31:52,643 INFO     ___FILE_ONLY___ ═
2026-05-06 13:31:52,656 INFO     ___FILE_ONLY___ ═
2026-05-06 13:31:52,656 INFO     ___FILE_ONLY___ ╝

2026-05-06 13:31:52,701 INFO     ___FILE_ONLY___ ╔════════════════════════════════════════════════════════════╗

2026-05-06 13:31:52,701 INFO     ___FILE_ONLY___ ╠═ Installing: Cloud Storage Command Line Tool              ═╣

2026-05-06 13:31:52,701 INFO     ___FILE_ONLY___ ╚
2026-05-06 13:31:53,246 INFO     ___FILE_ONLY___ ═
2026-05-06 13:31:53,257 INFO     ___FILE_ONLY___ ═
2026-05-06 13:31:53,269 INFO     ___FILE_ONLY___ ═
2026-05-06 13:31:53,279 INFO     ___FILE_ONLY___ ═
2026-05-06 13:31:53,289 INFO     ___FILE_ONLY___ ═
2026-05-06 13:31:53,327 INFO     ___FILE_ONLY___ ═
2026-05-06 13:31:53,342 INFO     ___FILE_ONLY___ ═
2026-05-06 13:31:53,359 INFO     ___FILE_ONLY___ ═
2026-05-06 13:31:53,375 INFO     ___FILE_ONLY___ ═
2026-05-06 13:31:53,392 INFO     ___FILE_ONLY___ ═
2026-05-06 13:31:53,410 INFO     ___FILE_ONLY___ ═
2026-05-06 13:31:53,422 INFO     ___FILE_ONLY___ ═
2026-05-06 13:31:53,434 INFO     ___FILE_ONLY___ ═
2026-05-06 13:31:53,444 INFO     ___FILE_ONLY___ ═
2026-05-06 13:31:53,454 INFO     ___FILE_ONLY___ ═
2026-05-06 13:31:53,473 INFO     ___FILE_ONLY___ ═
2026-05-06 13:31:53,488 INFO     ___FILE_ONLY___ ═
2026-05-06 13:31:53,497 INFO     ___FILE_ONLY___ ═
2026-05-06 13:31:53,510 INFO     ___FILE_ONLY___ ═
2026-05-06 13:31:53,522 INFO     ___FILE_ONLY___ ═
2026-05-06 13:31:53,532 INFO     ___FILE_ONLY___ ═
2026-05-06 13:31:53,545 INFO     ___FILE_ONLY___ ═
2026-05-06 13:31:53,557 INFO     ___FILE_ONLY___ ═
2026-05-06 13:31:53,570 INFO     ___FILE_ONLY___ ═
2026-05-06 13:31:53,580 INFO     ___FILE_ONLY___ ═
2026-05-06 13:31:53,591 INFO     ___FILE_ONLY___ ═
2026-05-06 13:31:53,601 INFO     ___FILE_ONLY___ ═
2026-05-06 13:31:53,615 INFO     ___FILE_ONLY___ ═
2026-05-06 13:31:53,632 INFO     ___FILE_ONLY___ ═
2026-05-06 13:31:53,646 INFO     ___FILE_ONLY___ ═
2026-05-06 13:31:53,661 INFO     ___FILE_ONLY___ ═
2026-05-06 13:31:53,684 INFO     ___FILE_ONLY___ ═
2026-05-06 13:31:53,701 INFO     ___FILE_ONLY___ ═
2026-05-06 13:31:53,720 INFO     ___FILE_ONLY___ ═
2026-05-06 13:31:53,736 INFO     ___FILE_ONLY___ ═
2026-05-06 13:31:53,752 INFO     ___FILE_ONLY___ ═
2026-05-06 13:31:53,762 INFO     ___FILE_ONLY___ ═
2026-05-06 13:31:53,774 INFO     ___FILE_ONLY___ ═
2026-05-06 13:31:53,812 INFO     ___FILE_ONLY___ ═
2026-05-06 13:31:53,826 INFO     ___FILE_ONLY___ ═
2026-05-06 13:31:53,838 INFO     ___FILE_ONLY___ ═
2026-05-06 13:31:53,849 INFO     ___FILE_ONLY___ ═
2026-05-06 13:31:53,859 INFO     ___FILE_ONLY___ ═
2026-05-06 13:31:53,870 INFO     ___FILE_ONLY___ ═
2026-05-06 13:31:53,881 INFO     ___FILE_ONLY___ ═
2026-05-06 13:31:53,892 INFO     ___FILE_ONLY___ ═
2026-05-06 13:31:53,901 INFO     ___FILE_ONLY___ ═
2026-05-06 13:31:53,911 INFO     ___FILE_ONLY___ ═
2026-05-06 13:31:53,925 INFO     ___FILE_ONLY___ ═
2026-05-06 13:31:53,938 INFO     ___FILE_ONLY___ ═
2026-05-06 13:31:53,953 INFO     ___FILE_ONLY___ ═
2026-05-06 13:31:53,966 INFO     ___FILE_ONLY___ ═
2026-05-06 13:31:53,979 INFO     ___FILE_ONLY___ ═
2026-05-06 13:31:53,994 INFO     ___FILE_ONLY___ ═
2026-05-06 13:31:54,007 INFO     ___FILE_ONLY___ ═
2026-05-06 13:31:54,023 INFO     ___FILE_ONLY___ ═
2026-05-06 13:31:54,039 INFO     ___FILE_ONLY___ ═
2026-05-06 13:31:54,061 INFO     ___FILE_ONLY___ ═
2026-05-06 13:31:54,078 INFO     ___FILE_ONLY___ ═
2026-05-06 13:31:54,097 INFO     ___FILE_ONLY___ ═
2026-05-06 13:31:54,097 INFO     ___FILE_ONLY___ ╝

2026-05-06 13:31:54,128 INFO     ___FILE_ONLY___ ╔════════════════════════════════════════════════════════════╗

2026-05-06 13:31:54,128 INFO     ___FILE_ONLY___ ╠═ Installing: Cloud Storage Command Line Tool (Platform... ═╣

2026-05-06 13:31:54,129 INFO     ___FILE_ONLY___ ╚
2026-05-06 13:31:54,129 INFO     ___FILE_ONLY___ ════════════════════════════════════════════════════════════
2026-05-06 13:31:54,129 INFO     ___FILE_ONLY___ ╝

2026-05-06 13:31:54,134 INFO     ___FILE_ONLY___ ╔════════════════════════════════════════════════════════════╗

2026-05-06 13:31:54,134 INFO     ___FILE_ONLY___ ╠═ Installing: Default set of gcloud commands               ═╣

2026-05-06 13:31:54,134 INFO     ___FILE_ONLY___ ╚
2026-05-06 13:31:54,137 INFO     ___FILE_ONLY___ ════════════════════════════════════════════════════════════
2026-05-06 13:31:54,137 INFO     ___FILE_ONLY___ ╝

2026-05-06 13:31:54,138 INFO     ___FILE_ONLY___ ╔════════════════════════════════════════════════════════════╗

2026-05-06 13:31:54,139 INFO     ___FILE_ONLY___ ╠═ Installing: Google Cloud CLI Core Libraries (Platform... ═╣

2026-05-06 13:31:54,139 INFO     ___FILE_ONLY___ ╚
2026-05-06 13:31:54,140 INFO     ___FILE_ONLY___ ══════════════════════════════
2026-05-06 13:31:54,140 INFO     ___FILE_ONLY___ ══════════════════════════════
2026-05-06 13:31:54,140 INFO     ___FILE_ONLY___ ╝

2026-05-06 13:31:54,144 INFO     ___FILE_ONLY___ ╔════════════════════════════════════════════════════════════╗

2026-05-06 13:31:54,144 INFO     ___FILE_ONLY___ ╠═ Installing: Google Cloud CRC32C Hash Tool                ═╣

2026-05-06 13:31:54,144 INFO     ___FILE_ONLY___ ╚
2026-05-06 13:31:54,147 INFO     ___FILE_ONLY___ ════════════════════════════════════════════════════════════
2026-05-06 13:31:54,147 INFO     ___FILE_ONLY___ ╝

2026-05-06 13:31:54,149 INFO     ___FILE_ONLY___ ╔════════════════════════════════════════════════════════════╗

2026-05-06 13:31:54,149 INFO     ___FILE_ONLY___ ╠═ Installing: Google Cloud CRC32C Hash Tool (Platform S... ═╣

2026-05-06 13:31:54,149 INFO     ___FILE_ONLY___ ╚
2026-05-06 13:31:54,189 INFO     ___FILE_ONLY___ ══════════════════════════════
2026-05-06 13:31:54,190 INFO     ___FILE_ONLY___ ══════════════════════════════
2026-05-06 13:31:54,190 INFO     ___FILE_ONLY___ ╝

2026-05-06 13:31:54,195 INFO     ___FILE_ONLY___ ╔════════════════════════════════════════════════════════════╗

2026-05-06 13:31:54,195 INFO     ___FILE_ONLY___ ╠═ Installing: gcloud cli dependencies (Platform Specific)  ═╣

2026-05-06 13:31:54,195 INFO     ___FILE_ONLY___ ╚
2026-05-06 13:31:54,196 INFO     ___FILE_ONLY___ ════════════════════════════════════════════════════════════
2026-05-06 13:31:54,196 INFO     ___FILE_ONLY___ ╝

2026-05-06 13:31:54,201 DEBUG    root            Updating notification cache...
2026-05-06 13:31:54,201 INFO     ___FILE_ONLY___ 

2026-05-06 13:31:54,203 INFO     ___FILE_ONLY___ Performing post processing steps...
2026-05-06 13:31:54,203 DEBUG    root            Executing command: ['/tools/google-cloud-sdk/bin/gcloud', 'components', 'post-process']
2026-05-06 13:32:04,485 DEBUG    ___FILE_ONLY___ 
2026-05-06 13:32:04,485 DEBUG    ___FILE_ONLY___ 
2026-05-06 13:32:04,736 INFO     root            descriptor_list: [{'universeDomain': 'googleapis.com', 'universeShortName': '', 'authenticationDomain': 'auth.cloud.google.com', 'projectPrefix': '', 'cloudWebDomain': 'cloud.google.com', 'documentationDomain': 'cloud.google.com', 'version': '1.0.0', 'state': 'primary', 'artifactRegistryDomain': 'pkg.dev'}]
2026-05-06 13:32:04,737 INFO     ___FILE_ONLY___ 
Update done!


2026-05-06 13:32:04,740 DEBUG    root            Chosen display Format:none
2026-05-06 13:32:04,740 INFO     root            Display format: "none"
